"2024-02-23 20:09:35,693 INFO  [main] com.project.StudentManagementApplication:Starting StudentManagementApplication using Java 17.0.9 on DESKTOP-RSS2U0R with PID 12632 (C:\Users\CanerUnal\IdeaProjects\StudentManagement\target\classes started by Caner Ünal in C:\Users\CanerUnal\IdeaProjects\StudentManagement)
""2024-02-23 20:09:35,707 INFO  [main] com.project.StudentManagementApplication:No active profile set, falling back to 1 default profile: "default"
""2024-02-23 20:09:37,405 INFO  [main] org.springframework.data.repository.config.RepositoryConfigurationDelegate:Bootstrapping Spring Data JPA repositories in DEFAULT mode.
""2024-02-23 20:09:37,574 INFO  [main] org.springframework.data.repository.config.RepositoryConfigurationDelegate:Finished Spring Data repository scanning in 150 ms. Found 3 JPA repository interfaces.
""2024-02-23 20:09:39,044 INFO  [main] org.springframework.boot.web.embedded.tomcat.TomcatWebServer:Tomcat initialized with port(s): 8080 (http)
""2024-02-23 20:09:39,066 INFO  [main] org.apache.catalina.core.StandardService:Starting service [Tomcat]
""2024-02-23 20:09:39,066 INFO  [main] org.apache.catalina.core.StandardEngine:Starting Servlet engine: [Apache Tomcat/9.0.68]
""2024-02-23 20:09:39,292 INFO  [main] org.apache.catalina.core.ContainerBase.[Tomcat].[localhost].[/]:Initializing Spring embedded WebApplicationContext
""2024-02-23 20:09:39,293 INFO  [main] org.springframework.boot.web.servlet.context.ServletWebServerApplicationContext:Root WebApplicationContext: initialization completed in 3466 ms
""2024-02-23 20:09:39,640 INFO  [main] org.hibernate.jpa.internal.util.LogHelper:HHH000204: Processing PersistenceUnitInfo [name: default]
""2024-02-23 20:09:39,786 INFO  [main] org.hibernate.Version:HHH000412: Hibernate ORM core version 5.6.12.Final
""2024-02-23 20:09:40,166 INFO  [main] org.hibernate.annotations.common.Version:HCANN000001: Hibernate Commons Annotations {5.1.2.Final}
""2024-02-23 20:09:40,413 INFO  [main] com.zaxxer.hikari.HikariDataSource:HikariPool-1 - Starting...
""2024-02-23 20:09:40,802 INFO  [main] com.zaxxer.hikari.HikariDataSource:HikariPool-1 - Start completed.
""2024-02-23 20:09:40,850 INFO  [main] org.hibernate.dialect.Dialect:HHH000400: Using dialect: org.hibernate.dialect.PostgreSQL81Dialect
""2024-02-23 20:09:43,115 INFO  [main] org.hibernate.engine.transaction.jta.platform.internal.JtaPlatformInitiator:HHH000490: Using JtaPlatform implementation: [org.hibernate.engine.transaction.jta.platform.internal.NoJtaPlatform]
""2024-02-23 20:09:43,128 INFO  [main] org.springframework.orm.jpa.LocalContainerEntityManagerFactoryBean:Initialized JPA EntityManagerFactory for persistence unit 'default'
""2024-02-23 20:09:44,754 WARN  [main] org.springframework.boot.autoconfigure.orm.jpa.JpaBaseConfiguration$JpaWebConfiguration:spring.jpa.open-in-view is enabled by default. Therefore, database queries may be performed during view rendering. Explicitly configure spring.jpa.open-in-view to disable this warning
""2024-02-23 20:09:45,134 INFO  [main] org.springframework.security.web.DefaultSecurityFilterChain:Will secure any request with [org.springframework.security.web.session.DisableEncodeUrlFilter@17541204, org.springframework.security.web.context.request.async.WebAsyncManagerIntegrationFilter@2dec57c5, org.springframework.security.web.context.SecurityContextPersistenceFilter@3a9040f0, org.springframework.security.web.header.HeaderWriterFilter@6d4f266, org.springframework.web.filter.CorsFilter@5b8599c7, org.springframework.security.web.authentication.logout.LogoutFilter@7901a5ab, com.project.security.jwt.AuthTokenFilter@4af44f2a, org.springframework.security.web.savedrequest.RequestCacheAwareFilter@2d3768ce, org.springframework.security.web.servletapi.SecurityContextHolderAwareRequestFilter@2a9ea03f, org.springframework.security.web.authentication.AnonymousAuthenticationFilter@31e9d94f, org.springframework.security.web.session.SessionManagementFilter@46c9ee28, org.springframework.security.web.access.ExceptionTranslationFilter@5c81ddab, org.springframework.security.web.access.intercept.FilterSecurityInterceptor@572db5ee]
""2024-02-23 20:09:45,588 INFO  [main] org.springframework.boot.web.embedded.tomcat.TomcatWebServer:Tomcat started on port(s): 8080 (http) with context path ''
""2024-02-23 20:09:45,609 INFO  [main] com.project.StudentManagementApplication:Started StudentManagementApplication in 10.883 seconds (JVM running for 11.753)
""2024-02-23 20:10:29,278 INFO  [SpringApplicationShutdownHook] org.springframework.orm.jpa.LocalContainerEntityManagerFactoryBean:Closing JPA EntityManagerFactory for persistence unit 'default'
""2024-02-23 20:10:29,282 INFO  [SpringApplicationShutdownHook] com.zaxxer.hikari.HikariDataSource:HikariPool-1 - Shutdown initiated...
""2024-02-23 20:10:29,291 INFO  [SpringApplicationShutdownHook] com.zaxxer.hikari.HikariDataSource:HikariPool-1 - Shutdown completed.
""2024-02-23 20:20:06,143 INFO  [main] com.project.StudentManagementApplication:Starting StudentManagementApplication using Java 17.0.9 on DESKTOP-RSS2U0R with PID 18420 (C:\Users\CanerUnal\IdeaProjects\StudentManagement\target\classes started by Caner Ünal in C:\Users\CanerUnal\IdeaProjects\StudentManagement)
""2024-02-23 20:20:06,148 INFO  [main] com.project.StudentManagementApplication:No active profile set, falling back to 1 default profile: "default"
""2024-02-23 20:20:07,664 INFO  [main] org.springframework.data.repository.config.RepositoryConfigurationDelegate:Bootstrapping Spring Data JPA repositories in DEFAULT mode.
""2024-02-23 20:20:07,875 INFO  [main] org.springframework.data.repository.config.RepositoryConfigurationDelegate:Finished Spring Data repository scanning in 191 ms. Found 3 JPA repository interfaces.
""2024-02-23 20:20:09,431 INFO  [main] org.springframework.boot.web.embedded.tomcat.TomcatWebServer:Tomcat initialized with port(s): 8080 (http)
""2024-02-23 20:20:09,459 INFO  [main] org.apache.catalina.core.StandardService:Starting service [Tomcat]
""2024-02-23 20:20:09,460 INFO  [main] org.apache.catalina.core.StandardEngine:Starting Servlet engine: [Apache Tomcat/9.0.68]
""2024-02-23 20:20:09,704 INFO  [main] org.apache.catalina.core.ContainerBase.[Tomcat].[localhost].[/]:Initializing Spring embedded WebApplicationContext
""2024-02-23 20:20:09,705 INFO  [main] org.springframework.boot.web.servlet.context.ServletWebServerApplicationContext:Root WebApplicationContext: initialization completed in 3460 ms
""2024-02-23 20:20:10,011 INFO  [main] org.hibernate.jpa.internal.util.LogHelper:HHH000204: Processing PersistenceUnitInfo [name: default]
""2024-02-23 20:20:10,127 INFO  [main] org.hibernate.Version:HHH000412: Hibernate ORM core version 5.6.12.Final
""2024-02-23 20:20:10,454 INFO  [main] org.hibernate.annotations.common.Version:HCANN000001: Hibernate Commons Annotations {5.1.2.Final}
""2024-02-23 20:20:10,680 INFO  [main] com.zaxxer.hikari.HikariDataSource:HikariPool-1 - Starting...
""2024-02-23 20:20:11,067 INFO  [main] com.zaxxer.hikari.HikariDataSource:HikariPool-1 - Start completed.
""2024-02-23 20:20:11,105 INFO  [main] org.hibernate.dialect.Dialect:HHH000400: Using dialect: org.hibernate.dialect.PostgreSQL81Dialect
""2024-02-23 20:20:13,102 INFO  [main] org.hibernate.engine.transaction.jta.platform.internal.JtaPlatformInitiator:HHH000490: Using JtaPlatform implementation: [org.hibernate.engine.transaction.jta.platform.internal.NoJtaPlatform]
""2024-02-23 20:20:13,117 INFO  [main] org.springframework.orm.jpa.LocalContainerEntityManagerFactoryBean:Initialized JPA EntityManagerFactory for persistence unit 'default'
""2024-02-23 20:20:14,726 WARN  [main] org.springframework.boot.autoconfigure.orm.jpa.JpaBaseConfiguration$JpaWebConfiguration:spring.jpa.open-in-view is enabled by default. Therefore, database queries may be performed during view rendering. Explicitly configure spring.jpa.open-in-view to disable this warning
""2024-02-23 20:20:15,136 INFO  [main] org.springframework.security.web.DefaultSecurityFilterChain:Will secure any request with [org.springframework.security.web.session.DisableEncodeUrlFilter@1ee52741, org.springframework.security.web.context.request.async.WebAsyncManagerIntegrationFilter@2f5a092e, org.springframework.security.web.context.SecurityContextPersistenceFilter@29bf90fc, org.springframework.security.web.header.HeaderWriterFilter@39fc17be, org.springframework.web.filter.CorsFilter@1640a6b5, org.springframework.security.web.authentication.logout.LogoutFilter@862624f, com.project.security.jwt.AuthTokenFilter@78f4d15d, org.springframework.security.web.savedrequest.RequestCacheAwareFilter@32121140, org.springframework.security.web.servletapi.SecurityContextHolderAwareRequestFilter@96c840a, org.springframework.security.web.authentication.AnonymousAuthenticationFilter@70940cb8, org.springframework.security.web.session.SessionManagementFilter@4cd1716d, org.springframework.security.web.access.ExceptionTranslationFilter@59d09ff3, org.springframework.security.web.access.intercept.FilterSecurityInterceptor@20923380]
""2024-02-23 20:20:15,532 INFO  [main] org.springframework.boot.web.embedded.tomcat.TomcatWebServer:Tomcat started on port(s): 8080 (http) with context path ''
""2024-02-23 20:20:15,550 INFO  [main] com.project.StudentManagementApplication:Started StudentManagementApplication in 10.277 seconds (JVM running for 11.132)
""2024-02-23 20:24:07,106 INFO  [http-nio-8080-exec-2] org.apache.catalina.core.ContainerBase.[Tomcat].[localhost].[/]:Initializing Spring DispatcherServlet 'dispatcherServlet'
""2024-02-23 20:49:39,572 WARN  [http-nio-8080-exec-1] org.springframework.web.servlet.mvc.support.DefaultHandlerExceptionResolver:Resolved [org.springframework.web.bind.MethodArgumentNotValidException: Validation failed for argument [0] in public com.project.payload.response.business.ResponseMessage<com.project.payload.response.abstracts.BaseUserResponse> com.project.controller.user.UserController.updateAdminDeanViceDeanForAdmin(com.project.payload.request.user.UserRequest,java.lang.Long): [Field error in object 'userRequest' on field 'password': rejected value [null]; codes [NotNull.userRequest.password,NotNull.password,NotNull.java.lang.String,NotNull]; arguments [org.springframework.context.support.DefaultMessageSourceResolvable: codes [userRequest.password,password]; arguments []; default message [password]]; default message [Please enter your password]] ]
""2024-02-23 20:53:32,063 WARN  [http-nio-8080-exec-8] org.springframework.web.servlet.mvc.support.DefaultHandlerExceptionResolver:Resolved [org.springframework.http.converter.HttpMessageNotReadableException: Required request body is missing: public org.springframework.http.ResponseEntity<java.lang.String> com.project.controller.user.UserController.updateUser(com.project.payload.request.user.UserRequestWithoutPassword,javax.servlet.http.HttpServletRequest)]
""2024-02-23 21:04:04,552 INFO  [SpringApplicationShutdownHook] org.springframework.orm.jpa.LocalContainerEntityManagerFactoryBean:Closing JPA EntityManagerFactory for persistence unit 'default'
""2024-02-23 21:04:04,555 INFO  [SpringApplicationShutdownHook] com.zaxxer.hikari.HikariDataSource:HikariPool-1 - Shutdown initiated...
""2024-02-23 21:04:04,562 INFO  [SpringApplicationShutdownHook] com.zaxxer.hikari.HikariDataSource:HikariPool-1 - Shutdown completed.
""2024-02-23 22:21:53,708 INFO  [main] com.project.StudentManagementApplication:Starting StudentManagementApplication using Java 17.0.9 on DESKTOP-RSS2U0R with PID 3468 (C:\Users\CanerUnal\IdeaProjects\StudentManagement\target\classes started by Caner Ünal in C:\Users\CanerUnal\IdeaProjects\StudentManagement)
""2024-02-23 22:21:53,715 INFO  [main] com.project.StudentManagementApplication:No active profile set, falling back to 1 default profile: "default"
""2024-02-23 22:21:55,732 INFO  [main] org.springframework.data.repository.config.RepositoryConfigurationDelegate:Bootstrapping Spring Data JPA repositories in DEFAULT mode.
""2024-02-23 22:21:55,946 INFO  [main] org.springframework.data.repository.config.RepositoryConfigurationDelegate:Finished Spring Data repository scanning in 191 ms. Found 3 JPA repository interfaces.
""2024-02-23 22:21:57,884 INFO  [main] org.springframework.boot.web.embedded.tomcat.TomcatWebServer:Tomcat initialized with port(s): 8080 (http)
""2024-02-23 22:21:57,927 INFO  [main] org.apache.catalina.core.StandardService:Starting service [Tomcat]
""2024-02-23 22:21:57,929 INFO  [main] org.apache.catalina.core.StandardEngine:Starting Servlet engine: [Apache Tomcat/9.0.68]
""2024-02-23 22:21:58,540 INFO  [main] org.apache.catalina.core.ContainerBase.[Tomcat].[localhost].[/]:Initializing Spring embedded WebApplicationContext
""2024-02-23 22:21:58,541 INFO  [main] org.springframework.boot.web.servlet.context.ServletWebServerApplicationContext:Root WebApplicationContext: initialization completed in 4703 ms
""2024-02-23 22:21:59,000 INFO  [main] org.hibernate.jpa.internal.util.LogHelper:HHH000204: Processing PersistenceUnitInfo [name: default]
""2024-02-23 22:21:59,213 INFO  [main] org.hibernate.Version:HHH000412: Hibernate ORM core version 5.6.12.Final
""2024-02-23 22:21:59,870 INFO  [main] org.hibernate.annotations.common.Version:HCANN000001: Hibernate Commons Annotations {5.1.2.Final}
""2024-02-23 22:22:00,210 INFO  [main] com.zaxxer.hikari.HikariDataSource:HikariPool-1 - Starting...
""2024-02-23 22:22:00,643 INFO  [main] com.zaxxer.hikari.HikariDataSource:HikariPool-1 - Start completed.
""2024-02-23 22:22:00,694 INFO  [main] org.hibernate.dialect.Dialect:HHH000400: Using dialect: org.hibernate.dialect.PostgreSQL81Dialect
""2024-02-23 22:22:03,019 INFO  [main] org.hibernate.engine.transaction.jta.platform.internal.JtaPlatformInitiator:HHH000490: Using JtaPlatform implementation: [org.hibernate.engine.transaction.jta.platform.internal.NoJtaPlatform]
""2024-02-23 22:22:03,032 INFO  [main] org.springframework.orm.jpa.LocalContainerEntityManagerFactoryBean:Initialized JPA EntityManagerFactory for persistence unit 'default'
""2024-02-23 22:22:04,670 WARN  [main] org.springframework.boot.autoconfigure.orm.jpa.JpaBaseConfiguration$JpaWebConfiguration:spring.jpa.open-in-view is enabled by default. Therefore, database queries may be performed during view rendering. Explicitly configure spring.jpa.open-in-view to disable this warning
""2024-02-23 22:22:05,014 INFO  [main] org.springframework.security.web.DefaultSecurityFilterChain:Will secure any request with [org.springframework.security.web.session.DisableEncodeUrlFilter@abe7d36, org.springframework.security.web.context.request.async.WebAsyncManagerIntegrationFilter@7da1ef46, org.springframework.security.web.context.SecurityContextPersistenceFilter@f8fe81e, org.springframework.security.web.header.HeaderWriterFilter@5eae392d, org.springframework.web.filter.CorsFilter@740fccd2, org.springframework.security.web.authentication.logout.LogoutFilter@5382a35f, com.project.security.jwt.AuthTokenFilter@7169d668, org.springframework.security.web.savedrequest.RequestCacheAwareFilter@33214124, org.springframework.security.web.servletapi.SecurityContextHolderAwareRequestFilter@2d3768ce, org.springframework.security.web.authentication.AnonymousAuthenticationFilter@1ae23815, org.springframework.security.web.session.SessionManagementFilter@394b9e22, org.springframework.security.web.access.ExceptionTranslationFilter@56b48163, org.springframework.security.web.access.intercept.FilterSecurityInterceptor@67b20b4c]
""2024-02-23 22:22:05,346 INFO  [main] org.springframework.boot.web.embedded.tomcat.TomcatWebServer:Tomcat started on port(s): 8080 (http) with context path ''
""2024-02-23 22:22:05,364 INFO  [main] com.project.StudentManagementApplication:Started StudentManagementApplication in 12.996 seconds (JVM running for 13.976)
""2024-02-23 22:23:15,743 INFO  [http-nio-8080-exec-1] org.apache.catalina.core.ContainerBase.[Tomcat].[localhost].[/]:Initializing Spring DispatcherServlet 'dispatcherServlet'
""2024-02-23 22:23:16,290 ERROR [http-nio-8080-exec-1] com.project.security.jwt.AuthEntryPointJwt:Unauthorized error : Bad credentials
""2024-02-23 22:37:51,621 INFO  [SpringApplicationShutdownHook] org.springframework.orm.jpa.LocalContainerEntityManagerFactoryBean:Closing JPA EntityManagerFactory for persistence unit 'default'
""2024-02-23 22:37:51,624 INFO  [SpringApplicationShutdownHook] com.zaxxer.hikari.HikariDataSource:HikariPool-1 - Shutdown initiated...
""2024-02-23 22:37:51,630 INFO  [SpringApplicationShutdownHook] com.zaxxer.hikari.HikariDataSource:HikariPool-1 - Shutdown completed.
"